Mono path[0] = 'C:/Users/student/Downloads/BooStudioLLC.TorrexLite-TorrentDownloader_b6e429xa66pga!App/Downloads/The Farmer Was Replaced/TheFarmerWasReplaced_Data/Managed'
Mono config path = 'C:/Users/student/Downloads/BooStudioLLC.TorrexLite-TorrentDownloader_b6e429xa66pga!App/Downloads/The Farmer Was Replaced/MonoBleedingEdge/etc'
Input System module state changed to: Initialized.
[Physics::Module] Initialized fallback backend.
[Physics::Module] Id: 0xdecafbad
Initialize engine version: 6000.0.43f1 (97272b72f107)
[Subsystems] Discovering subsystems at path C:/Users/student/Downloads/BooStudioLLC.TorrexLite-TorrentDownloader_b6e429xa66pga!App/Downloads/The Farmer Was Replaced/TheFarmerWasReplaced_Data/UnitySubsystems
GfxDevice: creating device client; kGfxThreadingModeThreaded
Direct3D:
    Version:  Direct3D 11.0 [level 11.1]
    Renderer: Intel(R) HD Graphics 530 (ID=0x1912)
    Vendor:   Intel
    VRAM:     4038 MB
    Driver:   31.0.101.2125
Begin MonoManager ReloadAssembly
- Loaded All Assemblies, in  0.186 seconds
- Finished resetting the current domain, in  0.004 seconds
[Physics::Module] Selected backend.
[Physics::Module] Name: PhysX
[Physics::Module] Id: 0xf2b8ea05
[Physics::Module] SDK Version: 4.1.2
[Physics::Module] Integration Version: 1.0.0
[Physics::Module] Threading Mode: Multi-Threaded
<RI> Initializing input.
XInput1_3.dll not found. Trying XInput9_1_0.dll instead...
<RI> Input initialized.
<RI> Initialized touch support.
UnloadTime: 0.669000 ms
RenderGraph is now enabled.
[Physics::Module] Cleanup current backned.
[Physics::Module] Id: 0xf2b8ea05
Input System module state changed to: ShutdownInProgress.
Input System polling thread exited.
Input System module state changed to: Shutdown.
